\BOOKMARK [1][-]{Doc-Start}{List of Figures}{}% 1
\BOOKMARK [1][-]{Doc-Start}{List of Tables}{}% 2
\BOOKMARK [1][-]{Doc-Start}{Abstract}{}% 3
\BOOKMARK [1][-]{section.1}{Introduction}{}% 4
\BOOKMARK [1][-]{section.2}{Strategy}{}% 5
\BOOKMARK [1][-]{section.3}{Functional Decomposition}{}% 6
\BOOKMARK [1][-]{section.4}{Conceptual Solutions}{}% 7
\BOOKMARK [2][-]{subsection.4.1}{Creative Concepts}{section.4}% 8
\BOOKMARK [2][-]{subsection.4.2}{Promising Concepts}{section.4}% 9
\BOOKMARK [1][-]{section.5}{Evaluation}{}% 10
\BOOKMARK [2][-]{subsection.5.1}{Winnowing}{section.5}% 11
\BOOKMARK [2][-]{subsection.5.2}{Ranking}{section.5}% 12
\BOOKMARK [2][-]{subsection.5.3}{Prototype testing}{section.5}% 13
\BOOKMARK [2][-]{subsection.5.4}{Weighted Decision Matrix}{section.5}% 14
\BOOKMARK [1][-]{section.6}{Final Prototype and Competition Results}{}% 15
\BOOKMARK [2][-]{subsection.6.1}{Final Prototype}{section.6}% 16
\BOOKMARK [2][-]{subsection.6.2}{Competition Performance}{section.6}% 17
\BOOKMARK [1][-]{section.7}{Recommendations}{}% 18
\BOOKMARK [1][-]{section.8}{Conclusion}{}% 19
\BOOKMARK [1][-]{section.9}{Glossary}{}% 20
\BOOKMARK [1][-]{section.10}{References}{}% 21
\BOOKMARK [1][-]{Appendix.1.A}{Appendix Functional Decomposition Diagram}{}% 22
\BOOKMARK [1][-]{Appendix.1.B}{Appendix Concepts Generated}{}% 23
\BOOKMARK [1][-]{Appendix.1.C}{Appendix Winnowing}{}% 24
\BOOKMARK [2][-]{subsection.1.C.1}{Concept Fragments}{Appendix.1.C}% 25
\BOOKMARK [2][-]{subsection.1.C.2}{Whole Concepts}{Appendix.1.C}% 26
\BOOKMARK [1][-]{Appendix.1.D}{Appendix Pugh Charts}{}% 27
\BOOKMARK [1][-]{Appendix.1.E}{Appendix Prototype Tests}{}% 28
\BOOKMARK [2][-]{subsection.1.E.1}{Feasibility Calculation for Fan Propulsion}{Appendix.1.E}% 29
\BOOKMARK [2][-]{subsection.1.E.2}{Wheel Testing}{Appendix.1.E}% 30
\BOOKMARK [2][-]{subsection.1.E.3}{Calculation of Dual Drive Torque}{Appendix.1.E}% 31
\BOOKMARK [2][-]{subsection.1.E.4}{Calculation of Prototype Torque}{Appendix.1.E}% 32
\BOOKMARK [2][-]{subsection.1.E.5}{Frictional Data Test}{Appendix.1.E}% 33
\BOOKMARK [2][-]{subsection.1.E.6}{Light Sensor Test}{Appendix.1.E}% 34
\BOOKMARK [2][-]{subsection.1.E.7}{Track Simulation}{Appendix.1.E}% 35
\BOOKMARK [1][-]{Appendix.1.F}{Appendix Weighted Decision Matrix}{}% 36
\BOOKMARK [1][-]{Appendix.1.G}{Appendix Preliminary Cost Estimates}{}% 37
\BOOKMARK [2][-]{subsection.1.G.1}{Puff}{Appendix.1.G}% 38
\BOOKMARK [2][-]{subsection.1.G.2}{Get Hitched}{Appendix.1.G}% 39
\BOOKMARK [2][-]{subsection.1.G.3}{Pump Chump}{Appendix.1.G}% 40
\BOOKMARK [2][-]{subsection.1.G.4}{Simplicity}{Appendix.1.G}% 41
\BOOKMARK [1][-]{Appendix.1.H}{Appendix Final Prototype Details}{}% 42
\BOOKMARK [1][-]{Appendix.1.I}{Appendix Bill of Materials}{}% 43
